c:\users\inbar\onedrive\desktop\לימודים\סמסטר ב\עקרונות תכנות מונחה עצמים\עבודות\assignment2\hw2\x64\debug\vc143.pdb
c:\users\inbar\onedrive\desktop\לימודים\סמסטר ב\עקרונות תכנות מונחה עצמים\עבודות\assignment2\hw2\x64\debug\vc143.idb
c:\users\inbar\onedrive\desktop\לימודים\סמסטר ב\עקרונות תכנות מונחה עצמים\עבודות\assignment2\hw2\x64\debug\wholesaler.obj
c:\users\inbar\onedrive\desktop\לימודים\סמסטר ב\עקרונות תכנות מונחה עצמים\עבודות\assignment2\hw2\x64\debug\person.obj
c:\users\inbar\onedrive\desktop\לימודים\סמסטר ב\עקרונות תכנות מונחה עצמים\עבודות\assignment2\hw2\x64\debug\hw2.obj
c:\users\inbar\onedrive\desktop\לימודים\סמסטר ב\עקרונות תכנות מונחה עצמים\עבודות\assignment2\hw2\x64\debug\grower.obj
c:\users\inbar\onedrive\desktop\לימודים\סמסטר ב\עקרונות תכנות מונחה עצמים\עבודות\assignment2\hw2\x64\debug\gardener.obj
c:\users\inbar\onedrive\desktop\לימודים\סמסטר ב\עקרונות תכנות מונחה עצמים\עבודות\assignment2\hw2\x64\debug\flowersbouquet.obj
c:\users\inbar\onedrive\desktop\לימודים\סמסטר ב\עקרונות תכנות מונחה עצמים\עבודות\assignment2\hw2\x64\debug\flowerarranger.obj
c:\users\inbar\onedrive\desktop\לימודים\סמסטר ב\עקרונות תכנות מונחה עצמים\עבודות\assignment2\hw2\x64\debug\florist.obj
c:\users\inbar\onedrive\desktop\לימודים\סמסטר ב\עקרונות תכנות מונחה עצמים\עבודות\assignment2\hw2\x64\debug\deliveryperson.obj
c:\users\inbar\onedrive\desktop\לימודים\סמסטר ב\עקרונות תכנות מונחה עצמים\עבודות\assignment2\x64\debug\hw2.pdb
c:\users\inbar\onedrive\desktop\לימודים\סמסטר ב\עקרונות תכנות מונחה עצמים\עבודות\assignment2\hw2\x64\debug\hw2.tlog\cl.command.1.tlog
c:\users\inbar\onedrive\desktop\לימודים\סמסטר ב\עקרונות תכנות מונחה עצמים\עבודות\assignment2\hw2\x64\debug\hw2.tlog\cl.read.1.tlog
c:\users\inbar\onedrive\desktop\לימודים\סמסטר ב\עקרונות תכנות מונחה עצמים\עבודות\assignment2\hw2\x64\debug\hw2.tlog\cl.write.1.tlog
c:\users\inbar\onedrive\desktop\לימודים\סמסטר ב\עקרונות תכנות מונחה עצמים\עבודות\assignment2\hw2\x64\debug\hw2.tlog\link-cvtres.read.1.tlog
c:\users\inbar\onedrive\desktop\לימודים\סמסטר ב\עקרונות תכנות מונחה עצמים\עבודות\assignment2\hw2\x64\debug\hw2.tlog\link-cvtres.write.1.tlog
c:\users\inbar\onedrive\desktop\לימודים\סמסטר ב\עקרונות תכנות מונחה עצמים\עבודות\assignment2\hw2\x64\debug\hw2.tlog\link-rc.read.1.tlog
c:\users\inbar\onedrive\desktop\לימודים\סמסטר ב\עקרונות תכנות מונחה עצמים\עבודות\assignment2\hw2\x64\debug\hw2.tlog\link-rc.write.1.tlog
c:\users\inbar\onedrive\desktop\לימודים\סמסטר ב\עקרונות תכנות מונחה עצמים\עבודות\assignment2\hw2\x64\debug\hw2.tlog\link.command.1.tlog
c:\users\inbar\onedrive\desktop\לימודים\סמסטר ב\עקרונות תכנות מונחה עצמים\עבודות\assignment2\hw2\x64\debug\hw2.tlog\link.read.1.tlog
c:\users\inbar\onedrive\desktop\לימודים\סמסטר ב\עקרונות תכנות מונחה עצמים\עבודות\assignment2\hw2\x64\debug\hw2.tlog\link.read.2.tlog
c:\users\inbar\onedrive\desktop\לימודים\סמסטר ב\עקרונות תכנות מונחה עצמים\עבודות\assignment2\hw2\x64\debug\hw2.tlog\link.write.1.tlog
